<?xml version="1.0" encoding="UTF-8"?>
<testsuite xmlns:xsi="http://www.w3.org/2001/XMLSchema-instance" xsi:noNamespaceSchemaLocation="https://maven.apache.org/surefire/maven-surefire-plugin/xsd/surefire-test-report-3.0.xsd" version="3.0" name="com.fourierillustrator.EpicycleTest" time="0.349" tests="7" errors="0" skipped="0" failures="0">
  <properties>
[...]
</properties>
  <testcase name="update_CalculatesPositionAtZeroTime" classname="com.fourierillustrator.EpicycleTest" time="0.312"/>
  <testcase name="constructor_FrequencyAmplitudePhase_InitializesCorrectly" classname="com.fourierillustrator.EpicycleTest" time="0.001"/>
  <testcase name="changeParams_ReplacesCircleInPane" classname="com.fourierillustrator.EpicycleTest" time="0.014"/>
  <testcase name="update_CalculatesPositionAtHalfPeriod" classname="com.fourierillustrator.EpicycleTest" time="0.001"/>
  <testcase name="toggleCircles_HidesAndShowsCircleStroke" classname="com.fourierillustrator.EpicycleTest" time="0.001"/>
  <testcase name="constructor_RadiusOmega_InitializesCorrectly" classname="com.fourierillustrator.EpicycleTest" time="0.001"/>
  <testcase name="changeParams_UpdatesAllMathematicalParameters" classname="com.fourierillustrator.EpicycleTest" time="0.0"/>
</testsuite>